<?xml version="1.0" encoding="UTF-8"?><testsuite name="nosetests" tests="3" errors="0" failures="1" skip="0"><testcase classname="SuiteAllTests.Helpers" name="runTest" time="0.000"></testcase><testcase classname="SuiteAllTests.TestObjectCreation" name="test_object_creation" time="52.364"><failure type="exceptions.AssertionError" message="ERROR: Element //input[@name=&quot;title&quot;] not found in waitForElementToBeVisible()&#10;-------------------- &gt;&gt; begin captured logging &lt;&lt; --------------------&#10;selenium.webdriver.remote.remote_connection: DEBUG: POST http://127.0.0.1:58097/session {&quot;desiredCapabilities&quot;: {&quot;platform&quot;: &quot;ANY&quot;, &quot;browserName&quot;: &quot;chrome&quot;, &quot;version&quot;: &quot;&quot;, &quot;javascriptEnabled&quot;: true, &quot;chromeOptions&quot;: {&quot;args&quot;: [], &quot;extensions&quot;: []}}}&#10;selenium.webdriver.remote.remote_connection: DEBUG: Finished Request&#10;selenium.webdriver.remote.remote_connection: DEBUG: POST http://127.0.0.1:58097/session/420d9a22a16066758e48591315c79fdc/url {&quot;url&quot;: &quot;http://localhost:8080&quot;, &quot;sessionId&quot;: &quot;420d9a22a16066758e48591315c79fdc&quot;}&#10;selenium.webdriver.remote.remote_connection: DEBUG: Finished Request&#10;selenium.webdriver.remote.remote_connection: DEBUG: POST http://127.0.0.1:58097/session/420d9a22a16066758e48591315c79fdc/window/current/size {&quot;width&quot;: 1024, &quot;windowHandle&quot;: &quot;current&quot;, &quot;sessionId&quot;: &quot;420d9a22a16066758e48591315c79fdc&quot;, &quot;height&quot;: 800}&#10;selenium.webdriver.remote.remote_connection: DEBUG: Finished Request&#10;selenium.webdriver.remote.remote_connection: DEBUG: POST http://127.0.0.1:58097/session/420d9a22a16066758e48591315c79fdc/element {&quot;using&quot;: &quot;xpath&quot;, &quot;sessionId&quot;: &quot;420d9a22a16066758e48591315c79fdc&quot;, &quot;value&quot;: &quot;//p/a[@href=\&quot;/dashboard\&quot;]&quot;}&#10;selenium.webdriver.remote.remote_connection: DEBUG: Finished Request&#10;selenium.webdriver.remote.remote_connection: DEBUG: POST http://127.0.0.1:58097/session/420d9a22a16066758e48591315c79fdc/element {&quot;using&quot;: &quot;xpath&quot;, &quot;sessionId&quot;: &quot;420d9a22a16066758e48591315c79fdc&quot;, &quot;value&quot;: &quot;//p/a[@href=\&quot;/dashboard\&quot;]&quot;}&#10;selenium.webdriver.remote.remote_connection: DEBUG: Finished Request&#10;selenium.webdriver.remote.remote_connection: DEBUG: POST http://127.0.0.1:58097/session/420d9a22a16066758e48591315c79fdc/moveto {&quot;sessionId&quot;: &quot;420d9a22a16066758e48591315c79fdc&quot;, &quot;element&quot;: &quot;0.6382697904482484-1&quot;}&#10;selenium.webdriver.remote.remote_connection: DEBUG: Finished Request&#10;selenium.webdriver.remote.remote_connection: DEBUG: POST http://127.0.0.1:58097/session/420d9a22a16066758e48591315c79fdc/element {&quot;using&quot;: &quot;xpath&quot;, &quot;sessionId&quot;: &quot;420d9a22a16066758e48591315c79fdc&quot;, &quot;value&quot;: &quot;//p/a[@href=\&quot;/dashboard\&quot;]&quot;}&#10;selenium.webdriver.remote.remote_connection: DEBUG: Finished Request&#10;selenium.webdriver.remote.remote_connection: DEBUG: POST http://127.0.0.1:58097/session/420d9a22a16066758e48591315c79fdc/element/0.6382697904482484-1/click {&quot;sessionId&quot;: &quot;420d9a22a16066758e48591315c79fdc&quot;, &quot;id&quot;: &quot;0.6382697904482484-1&quot;}&#10;selenium.webdriver.remote.remote_connection: DEBUG: Finished Request&#10;selenium.webdriver.remote.remote_connection: DEBUG: POST http://127.0.0.1:58097/session/420d9a22a16066758e48591315c79fdc/element {&quot;using&quot;: &quot;xpath&quot;, &quot;sessionId&quot;: &quot;420d9a22a16066758e48591315c79fdc&quot;, &quot;value&quot;: &quot;//div[contains(@class, \&quot;ggrc_controllers_gapi_modal\&quot;)]&quot;}&#10;selenium.webdriver.remote.remote_connection: DEBUG: Finished Request&#10;selenium.webdriver.remote.remote_connection: DEBUG: POST http://127.0.0.1:58097/session/420d9a22a16066758e48591315c79fdc/element {&quot;using&quot;: &quot;xpath&quot;, &quot;sessionId&quot;: &quot;420d9a22a16066758e48591315c79fdc&quot;, &quot;value&quot;: &quot;//div[contains(@class, \&quot;ggrc_controllers_gapi_modal\&quot;)]&quot;}&#10;selenium.webdriver.remote.remote_connection: DEBUG: Finished Request&#10;selenium.webdriver.remote.remote_connection: DEBUG: POST http://127.0.0.1:58097/session/420d9a22a16066758e48591315c79fdc/element {&quot;using&quot;: &quot;xpath&quot;, &quot;sessionId&quot;: &quot;420d9a22a16066758e48591315c79fdc&quot;, &quot;value&quot;: &quot;//div[contains(@class, \&quot;ggrc_controllers_gapi_modal\&quot;)]&quot;}&#10;selenium.webdriver.remote.remote_connection: DEBUG: Finished Request&#10;selenium.webdriver.remote.remote_connection: DEBUG: POST http://127.0.0.1:58097/session/420d9a22a16066758e48591315c79fdc/element {&quot;using&quot;: &quot;xpath&quot;, &quot;sessionId&quot;: &quot;420d9a22a16066758e48591315c79fdc&quot;, &quot;value&quot;: &quot;//div[contains(@class, \&quot;ggrc_controllers_gapi_modal\&quot;)]&quot;}&#10;selenium.webdriver.remote.remote_connection: DEBUG: Finished Request&#10;selenium.webdriver.remote.remote_connection: DEBUG: POST http://127.0.0.1:58097/session/420d9a22a16066758e48591315c79fdc/element {&quot;using&quot;: &quot;xpath&quot;, &quot;sessionId&quot;: &quot;420d9a22a16066758e48591315c79fdc&quot;, &quot;value&quot;: &quot;//div[contains(@class, \&quot;ggrc_controllers_gapi_modal\&quot;)]&quot;}&#10;selenium.webdriver.remote.remote_connection: DEBUG: Finished Request&#10;selenium.webdriver.remote.remote_connection: DEBUG: POST http://127.0.0.1:58097/session/420d9a22a16066758e48591315c79fdc/element {&quot;using&quot;: &quot;xpath&quot;, &quot;sessionId&quot;: &quot;420d9a22a16066758e48591315c79fdc&quot;, &quot;value&quot;: &quot;//div[contains(@class, \&quot;ggrc_controllers_gapi_modal\&quot;)]&quot;}&#10;selenium.webdriver.remote.remote_connection: DEBUG: Finished Request&#10;selenium.webdriver.remote.remote_connection: DEBUG: POST http://127.0.0.1:58097/session/420d9a22a16066758e48591315c79fdc/element {&quot;using&quot;: &quot;xpath&quot;, &quot;sessionId&quot;: &quot;420d9a22a16066758e48591315c79fdc&quot;, &quot;value&quot;: &quot;//div[contains(@class, \&quot;ggrc_controllers_gapi_modal\&quot;)]&quot;}&#10;selenium.webdriver.remote.remote_connection: DEBUG: Finished Request&#10;selenium.webdriver.remote.remote_connection: DEBUG: POST http://127.0.0.1:58097/session/420d9a22a16066758e48591315c79fdc/element {&quot;using&quot;: &quot;xpath&quot;, &quot;sessionId&quot;: &quot;420d9a22a16066758e48591315c79fdc&quot;, &quot;value&quot;: &quot;//div[contains(@class, \&quot;ggrc_controllers_gapi_modal\&quot;)]&quot;}&#10;selenium.webdriver.remote.remote_connection: DEBUG: Finished Request&#10;selenium.webdriver.remote.remote_connection: DEBUG: POST http://127.0.0.1:58097/session/420d9a22a16066758e48591315c79fdc/element {&quot;using&quot;: &quot;xpath&quot;, &quot;sessionId&quot;: &quot;420d9a22a16066758e48591315c79fdc&quot;, &quot;value&quot;: &quot;//div[contains(@class, \&quot;ggrc_controllers_gapi_modal\&quot;)]&quot;}&#10;selenium.webdriver.remote.remote_connection: DEBUG: Finished Request&#10;selenium.webdriver.remote.remote_connection: DEBUG: POST http://127.0.0.1:58097/session/420d9a22a16066758e48591315c79fdc/element {&quot;using&quot;: &quot;xpath&quot;, &quot;sessionId&quot;: &quot;420d9a22a16066758e48591315c79fdc&quot;, &quot;value&quot;: &quot;//div[contains(@class, \&quot;ggrc_controllers_gapi_modal\&quot;)]&quot;}&#10;selenium.webdriver.remote.remote_connection: DEBUG: Finished Request&#10;selenium.webdriver.remote.remote_connection: DEBUG: POST http://127.0.0.1:58097/session/420d9a22a16066758e48591315c79fdc/elements {&quot;using&quot;: &quot;xpath&quot;, &quot;sessionId&quot;: &quot;420d9a22a16066758e48591315c79fdc&quot;, &quot;value&quot;: &quot;//div[contains(@class, \&quot;ggrc_controllers_gapi_modal\&quot;)]&quot;}&#10;selenium.webdriver.remote.remote_connection: DEBUG: Finished Request&#10;selenium.webdriver.remote.remote_connection: DEBUG: POST http://127.0.0.1:58097/session/420d9a22a16066758e48591315c79fdc/element {&quot;using&quot;: &quot;xpath&quot;, &quot;sessionId&quot;: &quot;420d9a22a16066758e48591315c79fdc&quot;, &quot;value&quot;: &quot;//form[contains(@action, \&quot;appengine.google\&quot;)]&quot;}&#10;selenium.webdriver.remote.remote_connection: DEBUG: Finished Request&#10;selenium.webdriver.remote.remote_connection: DEBUG: POST http://127.0.0.1:58097/session/420d9a22a16066758e48591315c79fdc/element {&quot;using&quot;: &quot;xpath&quot;, &quot;sessionId&quot;: &quot;420d9a22a16066758e48591315c79fdc&quot;, &quot;value&quot;: &quot;//form[contains(@action, \&quot;ChromeLoginPrompt\&quot;)]&quot;}&#10;selenium.webdriver.remote.remote_connection: DEBUG: Finished Request&#10;selenium.webdriver.remote.remote_connection: DEBUG: POST http://127.0.0.1:58097/session/420d9a22a16066758e48591315c79fdc/element {&quot;using&quot;: &quot;xpath&quot;, &quot;sessionId&quot;: &quot;420d9a22a16066758e48591315c79fdc&quot;, &quot;value&quot;: &quot;//div[contains(@class, \&quot;ggrc_controllers_gapi_modal\&quot;)]&quot;}&#10;selenium.webdriver.remote.remote_connection: DEBUG: Finished Request&#10;selenium.webdriver.remote.remote_connection: DEBUG: POST http://127.0.0.1:58097/session/420d9a22a16066758e48591315c79fdc/element {&quot;using&quot;: &quot;xpath&quot;, &quot;sessionId&quot;: &quot;420d9a22a16066758e48591315c79fdc&quot;, &quot;value&quot;: &quot;//div[contains(@class, \&quot;ggrc_controllers_gapi_modal\&quot;)]&quot;}&#10;selenium.webdriver.remote.remote_connection: DEBUG: Finished Request&#10;selenium.webdriver.remote.remote_connection: DEBUG: POST http://127.0.0.1:58097/session/420d9a22a16066758e48591315c79fdc/element {&quot;using&quot;: &quot;xpath&quot;, &quot;sessionId&quot;: &quot;420d9a22a16066758e48591315c79fdc&quot;, &quot;value&quot;: &quot;//div[contains(@class, \&quot;ggrc_controllers_gapi_modal\&quot;)]&quot;}&#10;selenium.webdriver.remote.remote_connection: DEBUG: Finished Request&#10;selenium.webdriver.remote.remote_connection: DEBUG: POST http://127.0.0.1:58097/session/420d9a22a16066758e48591315c79fdc/element {&quot;using&quot;: &quot;xpath&quot;, &quot;sessionId&quot;: &quot;420d9a22a16066758e48591315c79fdc&quot;, &quot;value&quot;: &quot;//div[contains(@class, \&quot;ggrc_controllers_gapi_modal\&quot;)]&quot;}&#10;selenium.webdriver.remote.remote_connection: DEBUG: Finished Request&#10;selenium.webdriver.remote.remote_connection: DEBUG: POST http://127.0.0.1:58097/session/420d9a22a16066758e48591315c79fdc/element {&quot;using&quot;: &quot;xpath&quot;, &quot;sessionId&quot;: &quot;420d9a22a16066758e48591315c79fdc&quot;, &quot;value&quot;: &quot;//div[contains(@class, \&quot;ggrc_controllers_gapi_modal\&quot;)]&quot;}&#10;selenium.webdriver.remote.remote_connection: DEBUG: Finished Request&#10;selenium.webdriver.remote.remote_connection: DEBUG: POST http://127.0.0.1:58097/session/420d9a22a16066758e48591315c79fdc/element {&quot;using&quot;: &quot;xpath&quot;, &quot;sessionId&quot;: &quot;420d9a22a16066758e48591315c79fdc&quot;, &quot;value&quot;: &quot;//div[contains(@class, \&quot;ggrc_controllers_gapi_modal\&quot;)]&quot;}&#10;selenium.webdriver.remote.remote_connection: DEBUG: Finished Request&#10;selenium.webdriver.remote.remote_connection: DEBUG: POST http://127.0.0.1:58097/session/420d9a22a16066758e48591315c79fdc/element {&quot;using&quot;: &quot;xpath&quot;, &quot;sessionId&quot;: &quot;420d9a22a16066758e48591315c79fdc&quot;, &quot;value&quot;: &quot;//div[contains(@class, \&quot;ggrc_controllers_gapi_modal\&quot;)]&quot;}&#10;selenium.webdriver.remote.remote_connection: DEBUG: Finished Request&#10;selenium.webdriver.remote.remote_connection: DEBUG: POST http://127.0.0.1:58097/session/420d9a22a16066758e48591315c79fdc/element {&quot;using&quot;: &quot;xpath&quot;, &quot;sessionId&quot;: &quot;420d9a22a16066758e48591315c79fdc&quot;, &quot;value&quot;: &quot;//div[contains(@class, \&quot;ggrc_controllers_gapi_modal\&quot;)]&quot;}&#10;selenium.webdriver.remote.remote_connection: DEBUG: Finished Request&#10;selenium.webdriver.remote.remote_connection: DEBUG: POST http://127.0.0.1:58097/session/420d9a22a16066758e48591315c79fdc/element {&quot;using&quot;: &quot;xpath&quot;, &quot;sessionId&quot;: &quot;420d9a22a16066758e48591315c79fdc&quot;, &quot;value&quot;: &quot;//div[contains(@class, \&quot;ggrc_controllers_gapi_modal\&quot;)]&quot;}&#10;selenium.webdriver.remote.remote_connection: DEBUG: Finished Request&#10;selenium.webdriver.remote.remote_connection: DEBUG: POST http://127.0.0.1:58097/session/420d9a22a16066758e48591315c79fdc/element {&quot;using&quot;: &quot;xpath&quot;, &quot;sessionId&quot;: &quot;420d9a22a16066758e48591315c79fdc&quot;, &quot;value&quot;: &quot;//div[contains(@class, \&quot;ggrc_controllers_gapi_modal\&quot;)]&quot;}&#10;selenium.webdriver.remote.remote_connection: DEBUG: Finished Request&#10;selenium.webdriver.remote.remote_connection: DEBUG: POST http://127.0.0.1:58097/session/420d9a22a16066758e48591315c79fdc/elements {&quot;using&quot;: &quot;xpath&quot;, &quot;sessionId&quot;: &quot;420d9a22a16066758e48591315c79fdc&quot;, &quot;value&quot;: &quot;//div[contains(@class, \&quot;ggrc_controllers_gapi_modal\&quot;)]&quot;}&#10;selenium.webdriver.remote.remote_connection: DEBUG: Finished Request&#10;selenium.webdriver.remote.remote_connection: DEBUG: GET http://127.0.0.1:58097/session/420d9a22a16066758e48591315c79fdc/window_handle {&quot;sessionId&quot;: &quot;420d9a22a16066758e48591315c79fdc&quot;}&#10;selenium.webdriver.remote.remote_connection: DEBUG: Finished Request&#10;selenium.webdriver.remote.remote_connection: DEBUG: GET http://127.0.0.1:58097/session/420d9a22a16066758e48591315c79fdc/window_handles {&quot;sessionId&quot;: &quot;420d9a22a16066758e48591315c79fdc&quot;}&#10;selenium.webdriver.remote.remote_connection: DEBUG: Finished Request&#10;selenium.webdriver.remote.remote_connection: DEBUG: POST http://127.0.0.1:58097/session/420d9a22a16066758e48591315c79fdc/window {&quot;sessionId&quot;: &quot;420d9a22a16066758e48591315c79fdc&quot;, &quot;name&quot;: &quot;CDwindow-9FA59405-3FA0-402F-A203-6D391D1C72EA&quot;}&#10;selenium.webdriver.remote.remote_connection: DEBUG: Finished Request&#10;selenium.webdriver.remote.remote_connection: DEBUG: POST http://127.0.0.1:58097/session/420d9a22a16066758e48591315c79fdc/element {&quot;using&quot;: &quot;xpath&quot;, &quot;sessionId&quot;: &quot;420d9a22a16066758e48591315c79fdc&quot;, &quot;value&quot;: &quot;button.lhn-trigger.active&quot;}&#10;selenium.webdriver.remote.remote_connection: DEBUG: Finished Request&#10;selenium.webdriver.remote.remote_connection: DEBUG: POST http://127.0.0.1:58097/session/420d9a22a16066758e48591315c79fdc/element {&quot;using&quot;: &quot;css selector&quot;, &quot;sessionId&quot;: &quot;420d9a22a16066758e48591315c79fdc&quot;, &quot;value&quot;: &quot;button.lhn-trigger&quot;}&#10;selenium.webdriver.remote.remote_connection: DEBUG: Finished Request&#10;selenium.webdriver.remote.remote_connection: DEBUG: POST http://127.0.0.1:58097/session/420d9a22a16066758e48591315c79fdc/element {&quot;using&quot;: &quot;css selector&quot;, &quot;sessionId&quot;: &quot;420d9a22a16066758e48591315c79fdc&quot;, &quot;value&quot;: &quot;button.lhn-trigger&quot;}&#10;selenium.webdriver.remote.remote_connection: DEBUG: Finished Request&#10;selenium.webdriver.remote.remote_connection: DEBUG: GET http://127.0.0.1:58097/session/420d9a22a16066758e48591315c79fdc/element/0.2109566731378436-1/displayed {&quot;sessionId&quot;: &quot;420d9a22a16066758e48591315c79fdc&quot;, &quot;id&quot;: &quot;0.2109566731378436-1&quot;}&#10;selenium.webdriver.remote.remote_connection: DEBUG: Finished Request&#10;selenium.webdriver.remote.remote_connection: DEBUG: POST http://127.0.0.1:58097/session/420d9a22a16066758e48591315c79fdc/element {&quot;using&quot;: &quot;css selector&quot;, &quot;sessionId&quot;: &quot;420d9a22a16066758e48591315c79fdc&quot;, &quot;value&quot;: &quot;button.lhn-trigger&quot;}&#10;selenium.webdriver.remote.remote_connection: DEBUG: Finished Request&#10;selenium.webdriver.remote.remote_connection: DEBUG: GET http://127.0.0.1:58097/session/420d9a22a16066758e48591315c79fdc/element/0.2109566731378436-1/displayed {&quot;sessionId&quot;: &quot;420d9a22a16066758e48591315c79fdc&quot;, &quot;id&quot;: &quot;0.2109566731378436-1&quot;}&#10;selenium.webdriver.remote.remote_connection: DEBUG: Finished Request&#10;selenium.webdriver.remote.remote_connection: DEBUG: GET http://127.0.0.1:58097/session/420d9a22a16066758e48591315c79fdc/element/0.2109566731378436-1/enabled {&quot;sessionId&quot;: &quot;420d9a22a16066758e48591315c79fdc&quot;, &quot;id&quot;: &quot;0.2109566731378436-1&quot;}&#10;selenium.webdriver.remote.remote_connection: DEBUG: Finished Request&#10;selenium.webdriver.remote.remote_connection: DEBUG: POST http://127.0.0.1:58097/session/420d9a22a16066758e48591315c79fdc/element {&quot;using&quot;: &quot;css selector&quot;, &quot;sessionId&quot;: &quot;420d9a22a16066758e48591315c79fdc&quot;, &quot;value&quot;: &quot;button.lhn-trigger&quot;}&#10;selenium.webdriver.remote.remote_connection: DEBUG: Finished Request&#10;selenium.webdriver.remote.remote_connection: DEBUG: POST http://127.0.0.1:58097/session/420d9a22a16066758e48591315c79fdc/execute {&quot;sessionId&quot;: &quot;420d9a22a16066758e48591315c79fdc&quot;, &quot;args&quot;: [{&quot;ELEMENT&quot;: &quot;0.2109566731378436-1&quot;}], &quot;script&quot;: &quot;return arguments[0].click();&quot;}&#10;selenium.webdriver.remote.remote_connection: DEBUG: Finished Request&#10;selenium.webdriver.remote.remote_connection: DEBUG: POST http://127.0.0.1:58097/session/420d9a22a16066758e48591315c79fdc/element {&quot;using&quot;: &quot;xpath&quot;, &quot;sessionId&quot;: &quot;420d9a22a16066758e48591315c79fdc&quot;, &quot;value&quot;: &quot;ul.top-level &gt; li.entities.accordion-group &gt; a.entities.list-toggle.top.active&quot;}&#10;selenium.webdriver.remote.remote_connection: DEBUG: Finished Request&#10;selenium.webdriver.remote.remote_connection: DEBUG: POST http://127.0.0.1:58097/session/420d9a22a16066758e48591315c79fdc/element {&quot;using&quot;: &quot;css selector&quot;, &quot;sessionId&quot;: &quot;420d9a22a16066758e48591315c79fdc&quot;, &quot;value&quot;: &quot;ul.top-level &gt; li.entities.accordion-group &gt; a.entities.list-toggle.top&quot;}&#10;selenium.webdriver.remote.remote_connection: DEBUG: Finished Request&#10;selenium.webdriver.remote.remote_connection: DEBUG: POST http://127.0.0.1:58097/session/420d9a22a16066758e48591315c79fdc/element {&quot;using&quot;: &quot;css selector&quot;, &quot;sessionId&quot;: &quot;420d9a22a16066758e48591315c79fdc&quot;, &quot;value&quot;: &quot;ul.top-level &gt; li.entities.accordion-group &gt; a.entities.list-toggle.top&quot;}&#10;selenium.webdriver.remote.remote_connection: DEBUG: Finished Request&#10;selenium.webdriver.remote.remote_connection: DEBUG: GET http://127.0.0.1:58097/session/420d9a22a16066758e48591315c79fdc/element/0.2109566731378436-2/displayed {&quot;sessionId&quot;: &quot;420d9a22a16066758e48591315c79fdc&quot;, &quot;id&quot;: &quot;0.2109566731378436-2&quot;}&#10;selenium.webdriver.remote.remote_connection: DEBUG: Finished Request&#10;selenium.webdriver.remote.remote_connection: DEBUG: POST http://127.0.0.1:58097/session/420d9a22a16066758e48591315c79fdc/element {&quot;using&quot;: &quot;css selector&quot;, &quot;sessionId&quot;: &quot;420d9a22a16066758e48591315c79fdc&quot;, &quot;value&quot;: &quot;ul.top-level &gt; li.entities.accordion-group &gt; a.entities.list-toggle.top&quot;}&#10;selenium.webdriver.remote.remote_connection: DEBUG: Finished Request&#10;selenium.webdriver.remote.remote_connection: DEBUG: GET http://127.0.0.1:58097/session/420d9a22a16066758e48591315c79fdc/element/0.2109566731378436-2/displayed {&quot;sessionId&quot;: &quot;420d9a22a16066758e48591315c79fdc&quot;, &quot;id&quot;: &quot;0.2109566731378436-2&quot;}&#10;selenium.webdriver.remote.remote_connection: DEBUG: Finished Request&#10;selenium.webdriver.remote.remote_connection: DEBUG: GET http://127.0.0.1:58097/session/420d9a22a16066758e48591315c79fdc/element/0.2109566731378436-2/enabled {&quot;sessionId&quot;: &quot;420d9a22a16066758e48591315c79fdc&quot;, &quot;id&quot;: &quot;0.2109566731378436-2&quot;}&#10;selenium.webdriver.remote.remote_connection: DEBUG: Finished Request&#10;selenium.webdriver.remote.remote_connection: DEBUG: POST http://127.0.0.1:58097/session/420d9a22a16066758e48591315c79fdc/element {&quot;using&quot;: &quot;css selector&quot;, &quot;sessionId&quot;: &quot;420d9a22a16066758e48591315c79fdc&quot;, &quot;value&quot;: &quot;ul.top-level &gt; li.entities.accordion-group &gt; a.entities.list-toggle.top&quot;}&#10;selenium.webdriver.remote.remote_connection: DEBUG: Finished Request&#10;selenium.webdriver.remote.remote_connection: DEBUG: POST http://127.0.0.1:58097/session/420d9a22a16066758e48591315c79fdc/execute {&quot;sessionId&quot;: &quot;420d9a22a16066758e48591315c79fdc&quot;, &quot;args&quot;: [{&quot;ELEMENT&quot;: &quot;0.2109566731378436-2&quot;}], &quot;script&quot;: &quot;return arguments[0].click();&quot;}&#10;selenium.webdriver.remote.remote_connection: DEBUG: Finished Request&#10;selenium.webdriver.remote.remote_connection: DEBUG: POST http://127.0.0.1:58097/session/420d9a22a16066758e48591315c79fdc/element {&quot;using&quot;: &quot;css selector&quot;, &quot;sessionId&quot;: &quot;420d9a22a16066758e48591315c79fdc&quot;, &quot;value&quot;: &quot;ul.mid-level.in &gt; li[data-model-name = Person] &gt; a[class ='entities list-toggle oneline']&quot;}&#10;selenium.webdriver.remote.remote_connection: DEBUG: Finished Request&#10;selenium.webdriver.remote.remote_connection: DEBUG: POST http://127.0.0.1:58097/session/420d9a22a16066758e48591315c79fdc/element {&quot;using&quot;: &quot;css selector&quot;, &quot;sessionId&quot;: &quot;420d9a22a16066758e48591315c79fdc&quot;, &quot;value&quot;: &quot;ul.mid-level.in &gt; li[data-model-name = Person] &gt; a[class ='entities list-toggle oneline']&quot;}&#10;selenium.webdriver.remote.remote_connection: DEBUG: Finished Request&#10;selenium.webdriver.remote.remote_connection: DEBUG: POST http://127.0.0.1:58097/session/420d9a22a16066758e48591315c79fdc/element {&quot;using&quot;: &quot;css selector&quot;, &quot;sessionId&quot;: &quot;420d9a22a16066758e48591315c79fdc&quot;, &quot;value&quot;: &quot;ul.mid-level.in &gt; li[data-model-name = Person] &gt; a[class ='entities list-toggle oneline']&quot;}&#10;selenium.webdriver.remote.remote_connection: DEBUG: Finished Request&#10;selenium.webdriver.remote.remote_connection: DEBUG: GET http://127.0.0.1:58097/session/420d9a22a16066758e48591315c79fdc/element/0.2109566731378436-3/displayed {&quot;sessionId&quot;: &quot;420d9a22a16066758e48591315c79fdc&quot;, &quot;id&quot;: &quot;0.2109566731378436-3&quot;}&#10;selenium.webdriver.remote.remote_connection: DEBUG: Finished Request&#10;selenium.webdriver.remote.remote_connection: DEBUG: POST http://127.0.0.1:58097/session/420d9a22a16066758e48591315c79fdc/element {&quot;using&quot;: &quot;css selector&quot;, &quot;sessionId&quot;: &quot;420d9a22a16066758e48591315c79fdc&quot;, &quot;value&quot;: &quot;ul.mid-level.in &gt; li[data-model-name = Person] &gt; a[class ='entities list-toggle oneline']&quot;}&#10;selenium.webdriver.remote.remote_connection: DEBUG: Finished Request&#10;selenium.webdriver.remote.remote_connection: DEBUG: GET http://127.0.0.1:58097/session/420d9a22a16066758e48591315c79fdc/element/0.2109566731378436-3/displayed {&quot;sessionId&quot;: &quot;420d9a22a16066758e48591315c79fdc&quot;, &quot;id&quot;: &quot;0.2109566731378436-3&quot;}&#10;selenium.webdriver.remote.remote_connection: DEBUG: Finished Request&#10;selenium.webdriver.remote.remote_connection: DEBUG: GET http://127.0.0.1:58097/session/420d9a22a16066758e48591315c79fdc/element/0.2109566731378436-3/enabled {&quot;sessionId&quot;: &quot;420d9a22a16066758e48591315c79fdc&quot;, &quot;id&quot;: &quot;0.2109566731378436-3&quot;}&#10;selenium.webdriver.remote.remote_connection: DEBUG: Finished Request&#10;selenium.webdriver.remote.remote_connection: DEBUG: POST http://127.0.0.1:58097/session/420d9a22a16066758e48591315c79fdc/element {&quot;using&quot;: &quot;css selector&quot;, &quot;sessionId&quot;: &quot;420d9a22a16066758e48591315c79fdc&quot;, &quot;value&quot;: &quot;ul.mid-level.in &gt; li[data-model-name = Person] &gt; a[class ='entities list-toggle oneline']&quot;}&#10;selenium.webdriver.remote.remote_connection: DEBUG: Finished Request&#10;selenium.webdriver.remote.remote_connection: DEBUG: POST http://127.0.0.1:58097/session/420d9a22a16066758e48591315c79fdc/execute {&quot;sessionId&quot;: &quot;420d9a22a16066758e48591315c79fdc&quot;, &quot;args&quot;: [{&quot;ELEMENT&quot;: &quot;0.2109566731378436-3&quot;}], &quot;script&quot;: &quot;return arguments[0].click();&quot;}&#10;selenium.webdriver.remote.remote_connection: DEBUG: Finished Request&#10;selenium.webdriver.remote.remote_connection: DEBUG: POST http://127.0.0.1:58097/session/420d9a22a16066758e48591315c79fdc/element {&quot;using&quot;: &quot;css selector&quot;, &quot;sessionId&quot;: &quot;420d9a22a16066758e48591315c79fdc&quot;, &quot;value&quot;: &quot;li .add-new.oneline &gt; a[data-object-singular=Person]&quot;}&#10;selenium.webdriver.remote.remote_connection: DEBUG: Finished Request&#10;selenium.webdriver.remote.remote_connection: DEBUG: POST http://127.0.0.1:58097/session/420d9a22a16066758e48591315c79fdc/element {&quot;using&quot;: &quot;css selector&quot;, &quot;sessionId&quot;: &quot;420d9a22a16066758e48591315c79fdc&quot;, &quot;value&quot;: &quot;li .add-new.oneline &gt; a[data-object-singular=Person]&quot;}&#10;selenium.webdriver.remote.remote_connection: DEBUG: Finished Request&#10;selenium.webdriver.remote.remote_connection: DEBUG: GET http://127.0.0.1:58097/session/420d9a22a16066758e48591315c79fdc/element/0.2109566731378436-4/displayed {&quot;sessionId&quot;: &quot;420d9a22a16066758e48591315c79fdc&quot;, &quot;id&quot;: &quot;0.2109566731378436-4&quot;}&#10;selenium.webdriver.remote.remote_connection: DEBUG: Finished Request&#10;selenium.webdriver.remote.remote_connection: DEBUG: POST http://127.0.0.1:58097/session/420d9a22a16066758e48591315c79fdc/element {&quot;using&quot;: &quot;css selector&quot;, &quot;sessionId&quot;: &quot;420d9a22a16066758e48591315c79fdc&quot;, &quot;value&quot;: &quot;li .add-new.oneline &gt; a[data-object-singular=Person]&quot;}&#10;selenium.webdriver.remote.remote_connection: DEBUG: Finished Request&#10;selenium.webdriver.remote.remote_connection: DEBUG: GET http://127.0.0.1:58097/session/420d9a22a16066758e48591315c79fdc/element/0.2109566731378436-4/displayed {&quot;sessionId&quot;: &quot;420d9a22a16066758e48591315c79fdc&quot;, &quot;id&quot;: &quot;0.2109566731378436-4&quot;}&#10;selenium.webdriver.remote.remote_connection: DEBUG: Finished Request&#10;selenium.webdriver.remote.remote_connection: DEBUG: GET http://127.0.0.1:58097/session/420d9a22a16066758e48591315c79fdc/element/0.2109566731378436-4/enabled {&quot;sessionId&quot;: &quot;420d9a22a16066758e48591315c79fdc&quot;, &quot;id&quot;: &quot;0.2109566731378436-4&quot;}&#10;selenium.webdriver.remote.remote_connection: DEBUG: Finished Request&#10;selenium.webdriver.remote.remote_connection: DEBUG: POST http://127.0.0.1:58097/session/420d9a22a16066758e48591315c79fdc/element {&quot;using&quot;: &quot;css selector&quot;, &quot;sessionId&quot;: &quot;420d9a22a16066758e48591315c79fdc&quot;, &quot;value&quot;: &quot;li .add-new.oneline &gt; a[data-object-singular=Person]&quot;}&#10;selenium.webdriver.remote.remote_connection: DEBUG: Finished Request&#10;selenium.webdriver.remote.remote_connection: DEBUG: POST http://127.0.0.1:58097/session/420d9a22a16066758e48591315c79fdc/execute {&quot;sessionId&quot;: &quot;420d9a22a16066758e48591315c79fdc&quot;, &quot;args&quot;: [{&quot;ELEMENT&quot;: &quot;0.2109566731378436-4&quot;}], &quot;script&quot;: &quot;return arguments[0].click();&quot;}&#10;selenium.webdriver.remote.remote_connection: DEBUG: Finished Request&#10;selenium.webdriver.remote.remote_connection: DEBUG: POST http://127.0.0.1:58097/session/420d9a22a16066758e48591315c79fdc/element {&quot;using&quot;: &quot;xpath&quot;, &quot;sessionId&quot;: &quot;420d9a22a16066758e48591315c79fdc&quot;, &quot;value&quot;: &quot;//div[@class=\&quot;modal-body\&quot;]&quot;}&#10;selenium.webdriver.remote.remote_connection: DEBUG: Finished Request&#10;selenium.webdriver.remote.remote_connection: DEBUG: GET http://127.0.0.1:58097/session/420d9a22a16066758e48591315c79fdc/element/0.2109566731378436-5/displayed {&quot;sessionId&quot;: &quot;420d9a22a16066758e48591315c79fdc&quot;, &quot;id&quot;: &quot;0.2109566731378436-5&quot;}&#10;selenium.webdriver.remote.remote_connection: DEBUG: Finished Request&#10;selenium.webdriver.remote.remote_connection: DEBUG: POST http://127.0.0.1:58097/session/420d9a22a16066758e48591315c79fdc/element {&quot;using&quot;: &quot;xpath&quot;, &quot;sessionId&quot;: &quot;420d9a22a16066758e48591315c79fdc&quot;, &quot;value&quot;: &quot;//div[@class=\&quot;modal-body\&quot;]&quot;}&#10;selenium.webdriver.remote.remote_connection: DEBUG: Finished Request&#10;helpers.Helpers: INFO: Populating the object...&#10;selenium.webdriver.remote.remote_connection: DEBUG: POST http://127.0.0.1:58097/session/420d9a22a16066758e48591315c79fdc/element {&quot;using&quot;: &quot;xpath&quot;, &quot;sessionId&quot;: &quot;420d9a22a16066758e48591315c79fdc&quot;, &quot;value&quot;: &quot;//input[@name=\&quot;title\&quot;]&quot;}&#10;selenium.webdriver.remote.remote_connection: DEBUG: Finished Request&#10;selenium.webdriver.remote.remote_connection: DEBUG: POST http://127.0.0.1:58097/session/420d9a22a16066758e48591315c79fdc/element {&quot;using&quot;: &quot;xpath&quot;, &quot;sessionId&quot;: &quot;420d9a22a16066758e48591315c79fdc&quot;, &quot;value&quot;: &quot;//input[@name=\&quot;title\&quot;]&quot;}&#10;selenium.webdriver.remote.remote_connection: DEBUG: Finished Request&#10;selenium.webdriver.remote.remote_connection: DEBUG: POST http://127.0.0.1:58097/session/420d9a22a16066758e48591315c79fdc/element {&quot;using&quot;: &quot;xpath&quot;, &quot;sessionId&quot;: &quot;420d9a22a16066758e48591315c79fdc&quot;, &quot;value&quot;: &quot;//input[@name=\&quot;title\&quot;]&quot;}&#10;selenium.webdriver.remote.remote_connection: DEBUG: Finished Request&#10;selenium.webdriver.remote.remote_connection: DEBUG: POST http://127.0.0.1:58097/session/420d9a22a16066758e48591315c79fdc/element {&quot;using&quot;: &quot;xpath&quot;, &quot;sessionId&quot;: &quot;420d9a22a16066758e48591315c79fdc&quot;, &quot;value&quot;: &quot;//input[@name=\&quot;title\&quot;]&quot;}&#10;selenium.webdriver.remote.remote_connection: DEBUG: Finished Request&#10;selenium.webdriver.remote.remote_connection: DEBUG: POST http://127.0.0.1:58097/session/420d9a22a16066758e48591315c79fdc/element {&quot;using&quot;: &quot;xpath&quot;, &quot;sessionId&quot;: &quot;420d9a22a16066758e48591315c79fdc&quot;, &quot;value&quot;: &quot;//input[@name=\&quot;title\&quot;]&quot;}&#10;selenium.webdriver.remote.remote_connection: DEBUG: Finished Request&#10;selenium.webdriver.remote.remote_connection: DEBUG: POST http://127.0.0.1:58097/session/420d9a22a16066758e48591315c79fdc/element {&quot;using&quot;: &quot;xpath&quot;, &quot;sessionId&quot;: &quot;420d9a22a16066758e48591315c79fdc&quot;, &quot;value&quot;: &quot;//input[@name=\&quot;title\&quot;]&quot;}&#10;selenium.webdriver.remote.remote_connection: DEBUG: Finished Request&#10;selenium.webdriver.remote.remote_connection: DEBUG: POST http://127.0.0.1:58097/session/420d9a22a16066758e48591315c79fdc/element {&quot;using&quot;: &quot;xpath&quot;, &quot;sessionId&quot;: &quot;420d9a22a16066758e48591315c79fdc&quot;, &quot;value&quot;: &quot;//input[@name=\&quot;title\&quot;]&quot;}&#10;selenium.webdriver.remote.remote_connection: DEBUG: Finished Request&#10;selenium.webdriver.remote.remote_connection: DEBUG: POST http://127.0.0.1:58097/session/420d9a22a16066758e48591315c79fdc/element {&quot;using&quot;: &quot;xpath&quot;, &quot;sessionId&quot;: &quot;420d9a22a16066758e48591315c79fdc&quot;, &quot;value&quot;: &quot;//input[@name=\&quot;title\&quot;]&quot;}&#10;selenium.webdriver.remote.remote_connection: DEBUG: Finished Request&#10;selenium.webdriver.remote.remote_connection: DEBUG: POST http://127.0.0.1:58097/session/420d9a22a16066758e48591315c79fdc/element {&quot;using&quot;: &quot;xpath&quot;, &quot;sessionId&quot;: &quot;420d9a22a16066758e48591315c79fdc&quot;, &quot;value&quot;: &quot;//input[@name=\&quot;title\&quot;]&quot;}&#10;selenium.webdriver.remote.remote_connection: DEBUG: Finished Request&#10;selenium.webdriver.remote.remote_connection: DEBUG: POST http://127.0.0.1:58097/session/420d9a22a16066758e48591315c79fdc/element {&quot;using&quot;: &quot;xpath&quot;, &quot;sessionId&quot;: &quot;420d9a22a16066758e48591315c79fdc&quot;, &quot;value&quot;: &quot;//input[@name=\&quot;title\&quot;]&quot;}&#10;selenium.webdriver.remote.remote_connection: DEBUG: Finished Request&#10;selenium.webdriver.remote.remote_connection: DEBUG: POST http://127.0.0.1:58097/session/420d9a22a16066758e48591315c79fdc/element {&quot;using&quot;: &quot;xpath&quot;, &quot;sessionId&quot;: &quot;420d9a22a16066758e48591315c79fdc&quot;, &quot;value&quot;: &quot;//input[@name=\&quot;title\&quot;]&quot;}&#10;selenium.webdriver.remote.remote_connection: DEBUG: Finished Request&#10;selenium.webdriver.remote.remote_connection: DEBUG: POST http://127.0.0.1:58097/session/420d9a22a16066758e48591315c79fdc/element {&quot;using&quot;: &quot;xpath&quot;, &quot;sessionId&quot;: &quot;420d9a22a16066758e48591315c79fdc&quot;, &quot;value&quot;: &quot;//input[@name=\&quot;title\&quot;]&quot;}&#10;selenium.webdriver.remote.remote_connection: DEBUG: Finished Request&#10;selenium.webdriver.remote.remote_connection: DEBUG: POST http://127.0.0.1:58097/session/420d9a22a16066758e48591315c79fdc/element {&quot;using&quot;: &quot;xpath&quot;, &quot;sessionId&quot;: &quot;420d9a22a16066758e48591315c79fdc&quot;, &quot;value&quot;: &quot;//input[@name=\&quot;title\&quot;]&quot;}&#10;selenium.webdriver.remote.remote_connection: DEBUG: Finished Request&#10;selenium.webdriver.remote.remote_connection: DEBUG: POST http://127.0.0.1:58097/session/420d9a22a16066758e48591315c79fdc/element {&quot;using&quot;: &quot;xpath&quot;, &quot;sessionId&quot;: &quot;420d9a22a16066758e48591315c79fdc&quot;, &quot;value&quot;: &quot;//input[@name=\&quot;title\&quot;]&quot;}&#10;selenium.webdriver.remote.remote_connection: DEBUG: Finished Request&#10;selenium.webdriver.remote.remote_connection: DEBUG: POST http://127.0.0.1:58097/session/420d9a22a16066758e48591315c79fdc/element {&quot;using&quot;: &quot;xpath&quot;, &quot;sessionId&quot;: &quot;420d9a22a16066758e48591315c79fdc&quot;, &quot;value&quot;: &quot;//input[@name=\&quot;title\&quot;]&quot;}&#10;selenium.webdriver.remote.remote_connection: DEBUG: Finished Request&#10;selenium.webdriver.remote.remote_connection: DEBUG: POST http://127.0.0.1:58097/session/420d9a22a16066758e48591315c79fdc/element {&quot;using&quot;: &quot;xpath&quot;, &quot;sessionId&quot;: &quot;420d9a22a16066758e48591315c79fdc&quot;, &quot;value&quot;: &quot;//input[@name=\&quot;title\&quot;]&quot;}&#10;selenium.webdriver.remote.remote_connection: DEBUG: Finished Request&#10;selenium.webdriver.remote.remote_connection: DEBUG: POST http://127.0.0.1:58097/session/420d9a22a16066758e48591315c79fdc/element {&quot;using&quot;: &quot;xpath&quot;, &quot;sessionId&quot;: &quot;420d9a22a16066758e48591315c79fdc&quot;, &quot;value&quot;: &quot;//input[@name=\&quot;title\&quot;]&quot;}&#10;selenium.webdriver.remote.remote_connection: DEBUG: Finished Request&#10;selenium.webdriver.remote.remote_connection: DEBUG: POST http://127.0.0.1:58097/session/420d9a22a16066758e48591315c79fdc/element {&quot;using&quot;: &quot;xpath&quot;, &quot;sessionId&quot;: &quot;420d9a22a16066758e48591315c79fdc&quot;, &quot;value&quot;: &quot;//input[@name=\&quot;title\&quot;]&quot;}&#10;selenium.webdriver.remote.remote_connection: DEBUG: Finished Request&#10;selenium.webdriver.remote.remote_connection: DEBUG: POST http://127.0.0.1:58097/session/420d9a22a16066758e48591315c79fdc/element {&quot;using&quot;: &quot;xpath&quot;, &quot;sessionId&quot;: &quot;420d9a22a16066758e48591315c79fdc&quot;, &quot;value&quot;: &quot;//input[@name=\&quot;title\&quot;]&quot;}&#10;selenium.webdriver.remote.remote_connection: DEBUG: Finished Request&#10;selenium.webdriver.remote.remote_connection: DEBUG: POST http://127.0.0.1:58097/session/420d9a22a16066758e48591315c79fdc/element {&quot;using&quot;: &quot;xpath&quot;, &quot;sessionId&quot;: &quot;420d9a22a16066758e48591315c79fdc&quot;, &quot;value&quot;: &quot;//input[@name=\&quot;title\&quot;]&quot;}&#10;selenium.webdriver.remote.remote_connection: DEBUG: Finished Request&#10;--------------------- &gt;&gt; end captured logging &lt;&lt; ---------------------"><![CDATA[  File "/System/Library/Frameworks/Python.framework/Versions/2.7/lib/python2.7/unittest/case.py", line 331, in run
    testMethod()
  File "/Users/asakhare/ggrc-test/new_tests/test_object_creation.py", line 40, in test_object_creation
    obj_title = do.createObject(obj)
  File "/Users/asakhare/ggrc-test/helpers/Helpers.py", line 38, in benched_function
    output = f(*args, **kwargs)
  File "/Users/asakhare/ggrc-test/helpers/Helpers.py", line 321, in createObject
    self.populateNewObjectData(grc_object_name, owner)
  File "/Users/asakhare/ggrc-test/helpers/Helpers.py", line 38, in benched_function
    output = f(*args, **kwargs)
  File "/Users/asakhare/ggrc-test/helpers/Helpers.py", line 744, in populateNewObjectData
    self.util.waitForElementToBeVisible(elem.object_title)
  File "/Users/asakhare/ggrc-test/helpers/WebdriverUtilities.py", line 351, in waitForElementToBeVisible
    self.fail("ERROR: Element "+element + " not found in waitForElementToBeVisible()")
  File "/System/Library/Frameworks/Python.framework/Versions/2.7/lib/python2.7/unittest/case.py", line 412, in fail
    raise self.failureException(msg)
'ERROR: Element //input[@name="title"] not found in waitForElementToBeVisible()\n-------------------- >> begin captured logging << --------------------\nselenium.webdriver.remote.remote_connection: DEBUG: POST http://127.0.0.1:58097/session {"desiredCapabilities": {"platform": "ANY", "browserName": "chrome", "version": "", "javascriptEnabled": true, "chromeOptions": {"args": [], "extensions": []}}}\nselenium.webdriver.remote.remote_connection: DEBUG: Finished Request\nselenium.webdriver.remote.remote_connection: DEBUG: POST http://127.0.0.1:58097/session/420d9a22a16066758e48591315c79fdc/url {"url": "http://localhost:8080", "sessionId": "420d9a22a16066758e48591315c79fdc"}\nselenium.webdriver.remote.remote_connection: DEBUG: Finished Request\nselenium.webdriver.remote.remote_connection: DEBUG: POST http://127.0.0.1:58097/session/420d9a22a16066758e48591315c79fdc/window/current/size {"width": 1024, "windowHandle": "current", "sessionId": "420d9a22a16066758e48591315c79fdc", "height": 800}\nselenium.webdriver.remote.remote_connection: DEBUG: Finished Request\nselenium.webdriver.remote.remote_connection: DEBUG: POST http://127.0.0.1:58097/session/420d9a22a16066758e48591315c79fdc/element {"using": "xpath", "sessionId": "420d9a22a16066758e48591315c79fdc", "value": "//p/a[@href=\\"/dashboard\\"]"}\nselenium.webdriver.remote.remote_connection: DEBUG: Finished Request\nselenium.webdriver.remote.remote_connection: DEBUG: POST http://127.0.0.1:58097/session/420d9a22a16066758e48591315c79fdc/element {"using": "xpath", "sessionId": "420d9a22a16066758e48591315c79fdc", "value": "//p/a[@href=\\"/dashboard\\"]"}\nselenium.webdriver.remote.remote_connection: DEBUG: Finished Request\nselenium.webdriver.remote.remote_connection: DEBUG: POST http://127.0.0.1:58097/session/420d9a22a16066758e48591315c79fdc/moveto {"sessionId": "420d9a22a16066758e48591315c79fdc", "element": "0.6382697904482484-1"}\nselenium.webdriver.remote.remote_connection: DEBUG: Finished Request\nselenium.webdriver.remote.remote_connection: DEBUG: POST http://127.0.0.1:58097/session/420d9a22a16066758e48591315c79fdc/element {"using": "xpath", "sessionId": "420d9a22a16066758e48591315c79fdc", "value": "//p/a[@href=\\"/dashboard\\"]"}\nselenium.webdriver.remote.remote_connection: DEBUG: Finished Request\nselenium.webdriver.remote.remote_connection: DEBUG: POST http://127.0.0.1:58097/session/420d9a22a16066758e48591315c79fdc/element/0.6382697904482484-1/click {"sessionId": "420d9a22a16066758e48591315c79fdc", "id": "0.6382697904482484-1"}\nselenium.webdriver.remote.remote_connection: DEBUG: Finished Request\nselenium.webdriver.remote.remote_connection: DEBUG: POST http://127.0.0.1:58097/session/420d9a22a16066758e48591315c79fdc/element {"using": "xpath", "sessionId": "420d9a22a16066758e48591315c79fdc", "value": "//div[contains(@class, \\"ggrc_controllers_gapi_modal\\")]"}\nselenium.webdriver.remote.remote_connection: DEBUG: Finished Request\nselenium.webdriver.remote.remote_connection: DEBUG: POST http://127.0.0.1:58097/session/420d9a22a16066758e48591315c79fdc/element {"using": "xpath", "sessionId": "420d9a22a16066758e48591315c79fdc", "value": "//div[contains(@class, \\"ggrc_controllers_gapi_modal\\")]"}\nselenium.webdriver.remote.remote_connection: DEBUG: Finished Request\nselenium.webdriver.remote.remote_connection: DEBUG: POST http://127.0.0.1:58097/session/420d9a22a16066758e48591315c79fdc/element {"using": "xpath", "sessionId": "420d9a22a16066758e48591315c79fdc", "value": "//div[contains(@class, \\"ggrc_controllers_gapi_modal\\")]"}\nselenium.webdriver.remote.remote_connection: DEBUG: Finished Request\nselenium.webdriver.remote.remote_connection: DEBUG: POST http://127.0.0.1:58097/session/420d9a22a16066758e48591315c79fdc/element {"using": "xpath", "sessionId": "420d9a22a16066758e48591315c79fdc", "value": "//div[contains(@class, \\"ggrc_controllers_gapi_modal\\")]"}\nselenium.webdriver.remote.remote_connection: DEBUG: Finished Request\nselenium.webdriver.remote.remote_connection: DEBUG: POST http://127.0.0.1:58097/session/420d9a22a16066758e48591315c79fdc/element {"using": "xpath", "sessionId": "420d9a22a16066758e48591315c79fdc", "value": "//div[contains(@class, \\"ggrc_controllers_gapi_modal\\")]"}\nselenium.webdriver.remote.remote_connection: DEBUG: Finished Request\nselenium.webdriver.remote.remote_connection: DEBUG: POST http://127.0.0.1:58097/session/420d9a22a16066758e48591315c79fdc/element {"using": "xpath", "sessionId": "420d9a22a16066758e48591315c79fdc", "value": "//div[contains(@class, \\"ggrc_controllers_gapi_modal\\")]"}\nselenium.webdriver.remote.remote_connection: DEBUG: Finished Request\nselenium.webdriver.remote.remote_connection: DEBUG: POST http://127.0.0.1:58097/session/420d9a22a16066758e48591315c79fdc/element {"using": "xpath", "sessionId": "420d9a22a16066758e48591315c79fdc", "value": "//div[contains(@class, \\"ggrc_controllers_gapi_modal\\")]"}\nselenium.webdriver.remote.remote_connection: DEBUG: Finished Request\nselenium.webdriver.remote.remote_connection: DEBUG: POST http://127.0.0.1:58097/session/420d9a22a16066758e48591315c79fdc/element {"using": "xpath", "sessionId": "420d9a22a16066758e48591315c79fdc", "value": "//div[contains(@class, \\"ggrc_controllers_gapi_modal\\")]"}\nselenium.webdriver.remote.remote_connection: DEBUG: Finished Request\nselenium.webdriver.remote.remote_connection: DEBUG: POST http://127.0.0.1:58097/session/420d9a22a16066758e48591315c79fdc/element {"using": "xpath", "sessionId": "420d9a22a16066758e48591315c79fdc", "value": "//div[contains(@class, \\"ggrc_controllers_gapi_modal\\")]"}\nselenium.webdriver.remote.remote_connection: DEBUG: Finished Request\nselenium.webdriver.remote.remote_connection: DEBUG: POST http://127.0.0.1:58097/session/420d9a22a16066758e48591315c79fdc/element {"using": "xpath", "sessionId": "420d9a22a16066758e48591315c79fdc", "value": "//div[contains(@class, \\"ggrc_controllers_gapi_modal\\")]"}\nselenium.webdriver.remote.remote_connection: DEBUG: Finished Request\nselenium.webdriver.remote.remote_connection: DEBUG: POST http://127.0.0.1:58097/session/420d9a22a16066758e48591315c79fdc/elements {"using": "xpath", "sessionId": "420d9a22a16066758e48591315c79fdc", "value": "//div[contains(@class, \\"ggrc_controllers_gapi_modal\\")]"}\nselenium.webdriver.remote.remote_connection: DEBUG: Finished Request\nselenium.webdriver.remote.remote_connection: DEBUG: POST http://127.0.0.1:58097/session/420d9a22a16066758e48591315c79fdc/element {"using": "xpath", "sessionId": "420d9a22a16066758e48591315c79fdc", "value": "//form[contains(@action, \\"appengine.google\\")]"}\nselenium.webdriver.remote.remote_connection: DEBUG: Finished Request\nselenium.webdriver.remote.remote_connection: DEBUG: POST http://127.0.0.1:58097/session/420d9a22a16066758e48591315c79fdc/element {"using": "xpath", "sessionId": "420d9a22a16066758e48591315c79fdc", "value": "//form[contains(@action, \\"ChromeLoginPrompt\\")]"}\nselenium.webdriver.remote.remote_connection: DEBUG: Finished Request\nselenium.webdriver.remote.remote_connection: DEBUG: POST http://127.0.0.1:58097/session/420d9a22a16066758e48591315c79fdc/element {"using": "xpath", "sessionId": "420d9a22a16066758e48591315c79fdc", "value": "//div[contains(@class, \\"ggrc_controllers_gapi_modal\\")]"}\nselenium.webdriver.remote.remote_connection: DEBUG: Finished Request\nselenium.webdriver.remote.remote_connection: DEBUG: POST http://127.0.0.1:58097/session/420d9a22a16066758e48591315c79fdc/element {"using": "xpath", "sessionId": "420d9a22a16066758e48591315c79fdc", "value": "//div[contains(@class, \\"ggrc_controllers_gapi_modal\\")]"}\nselenium.webdriver.remote.remote_connection: DEBUG: Finished Request\nselenium.webdriver.remote.remote_connection: DEBUG: POST http://127.0.0.1:58097/session/420d9a22a16066758e48591315c79fdc/element {"using": "xpath", "sessionId": "420d9a22a16066758e48591315c79fdc", "value": "//div[contains(@class, \\"ggrc_controllers_gapi_modal\\")]"}\nselenium.webdriver.remote.remote_connection: DEBUG: Finished Request\nselenium.webdriver.remote.remote_connection: DEBUG: POST http://127.0.0.1:58097/session/420d9a22a16066758e48591315c79fdc/element {"using": "xpath", "sessionId": "420d9a22a16066758e48591315c79fdc", "value": "//div[contains(@class, \\"ggrc_controllers_gapi_modal\\")]"}\nselenium.webdriver.remote.remote_connection: DEBUG: Finished Request\nselenium.webdriver.remote.remote_connection: DEBUG: POST http://127.0.0.1:58097/session/420d9a22a16066758e48591315c79fdc/element {"using": "xpath", "sessionId": "420d9a22a16066758e48591315c79fdc", "value": "//div[contains(@class, \\"ggrc_controllers_gapi_modal\\")]"}\nselenium.webdriver.remote.remote_connection: DEBUG: Finished Request\nselenium.webdriver.remote.remote_connection: DEBUG: POST http://127.0.0.1:58097/session/420d9a22a16066758e48591315c79fdc/element {"using": "xpath", "sessionId": "420d9a22a16066758e48591315c79fdc", "value": "//div[contains(@class, \\"ggrc_controllers_gapi_modal\\")]"}\nselenium.webdriver.remote.remote_connection: DEBUG: Finished Request\nselenium.webdriver.remote.remote_connection: DEBUG: POST http://127.0.0.1:58097/session/420d9a22a16066758e48591315c79fdc/element {"using": "xpath", "sessionId": "420d9a22a16066758e48591315c79fdc", "value": "//div[contains(@class, \\"ggrc_controllers_gapi_modal\\")]"}\nselenium.webdriver.remote.remote_connection: DEBUG: Finished Request\nselenium.webdriver.remote.remote_connection: DEBUG: POST http://127.0.0.1:58097/session/420d9a22a16066758e48591315c79fdc/element {"using": "xpath", "sessionId": "420d9a22a16066758e48591315c79fdc", "value": "//div[contains(@class, \\"ggrc_controllers_gapi_modal\\")]"}\nselenium.webdriver.remote.remote_connection: DEBUG: Finished Request\nselenium.webdriver.remote.remote_connection: DEBUG: POST http://127.0.0.1:58097/session/420d9a22a16066758e48591315c79fdc/element {"using": "xpath", "sessionId": "420d9a22a16066758e48591315c79fdc", "value": "//div[contains(@class, \\"ggrc_controllers_gapi_modal\\")]"}\nselenium.webdriver.remote.remote_connection: DEBUG: Finished Request\nselenium.webdriver.remote.remote_connection: DEBUG: POST http://127.0.0.1:58097/session/420d9a22a16066758e48591315c79fdc/element {"using": "xpath", "sessionId": "420d9a22a16066758e48591315c79fdc", "value": "//div[contains(@class, \\"ggrc_controllers_gapi_modal\\")]"}\nselenium.webdriver.remote.remote_connection: DEBUG: Finished Request\nselenium.webdriver.remote.remote_connection: DEBUG: POST http://127.0.0.1:58097/session/420d9a22a16066758e48591315c79fdc/elements {"using": "xpath", "sessionId": "420d9a22a16066758e48591315c79fdc", "value": "//div[contains(@class, \\"ggrc_controllers_gapi_modal\\")]"}\nselenium.webdriver.remote.remote_connection: DEBUG: Finished Request\nselenium.webdriver.remote.remote_connection: DEBUG: GET http://127.0.0.1:58097/session/420d9a22a16066758e48591315c79fdc/window_handle {"sessionId": "420d9a22a16066758e48591315c79fdc"}\nselenium.webdriver.remote.remote_connection: DEBUG: Finished Request\nselenium.webdriver.remote.remote_connection: DEBUG: GET http://127.0.0.1:58097/session/420d9a22a16066758e48591315c79fdc/window_handles {"sessionId": "420d9a22a16066758e48591315c79fdc"}\nselenium.webdriver.remote.remote_connection: DEBUG: Finished Request\nselenium.webdriver.remote.remote_connection: DEBUG: POST http://127.0.0.1:58097/session/420d9a22a16066758e48591315c79fdc/window {"sessionId": "420d9a22a16066758e48591315c79fdc", "name": "CDwindow-9FA59405-3FA0-402F-A203-6D391D1C72EA"}\nselenium.webdriver.remote.remote_connection: DEBUG: Finished Request\nselenium.webdriver.remote.remote_connection: DEBUG: POST http://127.0.0.1:58097/session/420d9a22a16066758e48591315c79fdc/element {"using": "xpath", "sessionId": "420d9a22a16066758e48591315c79fdc", "value": "button.lhn-trigger.active"}\nselenium.webdriver.remote.remote_connection: DEBUG: Finished Request\nselenium.webdriver.remote.remote_connection: DEBUG: POST http://127.0.0.1:58097/session/420d9a22a16066758e48591315c79fdc/element {"using": "css selector", "sessionId": "420d9a22a16066758e48591315c79fdc", "value": "button.lhn-trigger"}\nselenium.webdriver.remote.remote_connection: DEBUG: Finished Request\nselenium.webdriver.remote.remote_connection: DEBUG: POST http://127.0.0.1:58097/session/420d9a22a16066758e48591315c79fdc/element {"using": "css selector", "sessionId": "420d9a22a16066758e48591315c79fdc", "value": "button.lhn-trigger"}\nselenium.webdriver.remote.remote_connection: DEBUG: Finished Request\nselenium.webdriver.remote.remote_connection: DEBUG: GET http://127.0.0.1:58097/session/420d9a22a16066758e48591315c79fdc/element/0.2109566731378436-1/displayed {"sessionId": "420d9a22a16066758e48591315c79fdc", "id": "0.2109566731378436-1"}\nselenium.webdriver.remote.remote_connection: DEBUG: Finished Request\nselenium.webdriver.remote.remote_connection: DEBUG: POST http://127.0.0.1:58097/session/420d9a22a16066758e48591315c79fdc/element {"using": "css selector", "sessionId": "420d9a22a16066758e48591315c79fdc", "value": "button.lhn-trigger"}\nselenium.webdriver.remote.remote_connection: DEBUG: Finished Request\nselenium.webdriver.remote.remote_connection: DEBUG: GET http://127.0.0.1:58097/session/420d9a22a16066758e48591315c79fdc/element/0.2109566731378436-1/displayed {"sessionId": "420d9a22a16066758e48591315c79fdc", "id": "0.2109566731378436-1"}\nselenium.webdriver.remote.remote_connection: DEBUG: Finished Request\nselenium.webdriver.remote.remote_connection: DEBUG: GET http://127.0.0.1:58097/session/420d9a22a16066758e48591315c79fdc/element/0.2109566731378436-1/enabled {"sessionId": "420d9a22a16066758e48591315c79fdc", "id": "0.2109566731378436-1"}\nselenium.webdriver.remote.remote_connection: DEBUG: Finished Request\nselenium.webdriver.remote.remote_connection: DEBUG: POST http://127.0.0.1:58097/session/420d9a22a16066758e48591315c79fdc/element {"using": "css selector", "sessionId": "420d9a22a16066758e48591315c79fdc", "value": "button.lhn-trigger"}\nselenium.webdriver.remote.remote_connection: DEBUG: Finished Request\nselenium.webdriver.remote.remote_connection: DEBUG: POST http://127.0.0.1:58097/session/420d9a22a16066758e48591315c79fdc/execute {"sessionId": "420d9a22a16066758e48591315c79fdc", "args": [{"ELEMENT": "0.2109566731378436-1"}], "script": "return arguments[0].click();"}\nselenium.webdriver.remote.remote_connection: DEBUG: Finished Request\nselenium.webdriver.remote.remote_connection: DEBUG: POST http://127.0.0.1:58097/session/420d9a22a16066758e48591315c79fdc/element {"using": "xpath", "sessionId": "420d9a22a16066758e48591315c79fdc", "value": "ul.top-level > li.entities.accordion-group > a.entities.list-toggle.top.active"}\nselenium.webdriver.remote.remote_connection: DEBUG: Finished Request\nselenium.webdriver.remote.remote_connection: DEBUG: POST http://127.0.0.1:58097/session/420d9a22a16066758e48591315c79fdc/element {"using": "css selector", "sessionId": "420d9a22a16066758e48591315c79fdc", "value": "ul.top-level > li.entities.accordion-group > a.entities.list-toggle.top"}\nselenium.webdriver.remote.remote_connection: DEBUG: Finished Request\nselenium.webdriver.remote.remote_connection: DEBUG: POST http://127.0.0.1:58097/session/420d9a22a16066758e48591315c79fdc/element {"using": "css selector", "sessionId": "420d9a22a16066758e48591315c79fdc", "value": "ul.top-level > li.entities.accordion-group > a.entities.list-toggle.top"}\nselenium.webdriver.remote.remote_connection: DEBUG: Finished Request\nselenium.webdriver.remote.remote_connection: DEBUG: GET http://127.0.0.1:58097/session/420d9a22a16066758e48591315c79fdc/element/0.2109566731378436-2/displayed {"sessionId": "420d9a22a16066758e48591315c79fdc", "id": "0.2109566731378436-2"}\nselenium.webdriver.remote.remote_connection: DEBUG: Finished Request\nselenium.webdriver.remote.remote_connection: DEBUG: POST http://127.0.0.1:58097/session/420d9a22a16066758e48591315c79fdc/element {"using": "css selector", "sessionId": "420d9a22a16066758e48591315c79fdc", "value": "ul.top-level > li.entities.accordion-group > a.entities.list-toggle.top"}\nselenium.webdriver.remote.remote_connection: DEBUG: Finished Request\nselenium.webdriver.remote.remote_connection: DEBUG: GET http://127.0.0.1:58097/session/420d9a22a16066758e48591315c79fdc/element/0.2109566731378436-2/displayed {"sessionId": "420d9a22a16066758e48591315c79fdc", "id": "0.2109566731378436-2"}\nselenium.webdriver.remote.remote_connection: DEBUG: Finished Request\nselenium.webdriver.remote.remote_connection: DEBUG: GET http://127.0.0.1:58097/session/420d9a22a16066758e48591315c79fdc/element/0.2109566731378436-2/enabled {"sessionId": "420d9a22a16066758e48591315c79fdc", "id": "0.2109566731378436-2"}\nselenium.webdriver.remote.remote_connection: DEBUG: Finished Request\nselenium.webdriver.remote.remote_connection: DEBUG: POST http://127.0.0.1:58097/session/420d9a22a16066758e48591315c79fdc/element {"using": "css selector", "sessionId": "420d9a22a16066758e48591315c79fdc", "value": "ul.top-level > li.entities.accordion-group > a.entities.list-toggle.top"}\nselenium.webdriver.remote.remote_connection: DEBUG: Finished Request\nselenium.webdriver.remote.remote_connection: DEBUG: POST http://127.0.0.1:58097/session/420d9a22a16066758e48591315c79fdc/execute {"sessionId": "420d9a22a16066758e48591315c79fdc", "args": [{"ELEMENT": "0.2109566731378436-2"}], "script": "return arguments[0].click();"}\nselenium.webdriver.remote.remote_connection: DEBUG: Finished Request\nselenium.webdriver.remote.remote_connection: DEBUG: POST http://127.0.0.1:58097/session/420d9a22a16066758e48591315c79fdc/element {"using": "css selector", "sessionId": "420d9a22a16066758e48591315c79fdc", "value": "ul.mid-level.in > li[data-model-name = Person] > a[class =\'entities list-toggle oneline\']"}\nselenium.webdriver.remote.remote_connection: DEBUG: Finished Request\nselenium.webdriver.remote.remote_connection: DEBUG: POST http://127.0.0.1:58097/session/420d9a22a16066758e48591315c79fdc/element {"using": "css selector", "sessionId": "420d9a22a16066758e48591315c79fdc", "value": "ul.mid-level.in > li[data-model-name = Person] > a[class =\'entities list-toggle oneline\']"}\nselenium.webdriver.remote.remote_connection: DEBUG: Finished Request\nselenium.webdriver.remote.remote_connection: DEBUG: POST http://127.0.0.1:58097/session/420d9a22a16066758e48591315c79fdc/element {"using": "css selector", "sessionId": "420d9a22a16066758e48591315c79fdc", "value": "ul.mid-level.in > li[data-model-name = Person] > a[class =\'entities list-toggle oneline\']"}\nselenium.webdriver.remote.remote_connection: DEBUG: Finished Request\nselenium.webdriver.remote.remote_connection: DEBUG: GET http://127.0.0.1:58097/session/420d9a22a16066758e48591315c79fdc/element/0.2109566731378436-3/displayed {"sessionId": "420d9a22a16066758e48591315c79fdc", "id": "0.2109566731378436-3"}\nselenium.webdriver.remote.remote_connection: DEBUG: Finished Request\nselenium.webdriver.remote.remote_connection: DEBUG: POST http://127.0.0.1:58097/session/420d9a22a16066758e48591315c79fdc/element {"using": "css selector", "sessionId": "420d9a22a16066758e48591315c79fdc", "value": "ul.mid-level.in > li[data-model-name = Person] > a[class =\'entities list-toggle oneline\']"}\nselenium.webdriver.remote.remote_connection: DEBUG: Finished Request\nselenium.webdriver.remote.remote_connection: DEBUG: GET http://127.0.0.1:58097/session/420d9a22a16066758e48591315c79fdc/element/0.2109566731378436-3/displayed {"sessionId": "420d9a22a16066758e48591315c79fdc", "id": "0.2109566731378436-3"}\nselenium.webdriver.remote.remote_connection: DEBUG: Finished Request\nselenium.webdriver.remote.remote_connection: DEBUG: GET http://127.0.0.1:58097/session/420d9a22a16066758e48591315c79fdc/element/0.2109566731378436-3/enabled {"sessionId": "420d9a22a16066758e48591315c79fdc", "id": "0.2109566731378436-3"}\nselenium.webdriver.remote.remote_connection: DEBUG: Finished Request\nselenium.webdriver.remote.remote_connection: DEBUG: POST http://127.0.0.1:58097/session/420d9a22a16066758e48591315c79fdc/element {"using": "css selector", "sessionId": "420d9a22a16066758e48591315c79fdc", "value": "ul.mid-level.in > li[data-model-name = Person] > a[class =\'entities list-toggle oneline\']"}\nselenium.webdriver.remote.remote_connection: DEBUG: Finished Request\nselenium.webdriver.remote.remote_connection: DEBUG: POST http://127.0.0.1:58097/session/420d9a22a16066758e48591315c79fdc/execute {"sessionId": "420d9a22a16066758e48591315c79fdc", "args": [{"ELEMENT": "0.2109566731378436-3"}], "script": "return arguments[0].click();"}\nselenium.webdriver.remote.remote_connection: DEBUG: Finished Request\nselenium.webdriver.remote.remote_connection: DEBUG: POST http://127.0.0.1:58097/session/420d9a22a16066758e48591315c79fdc/element {"using": "css selector", "sessionId": "420d9a22a16066758e48591315c79fdc", "value": "li .add-new.oneline > a[data-object-singular=Person]"}\nselenium.webdriver.remote.remote_connection: DEBUG: Finished Request\nselenium.webdriver.remote.remote_connection: DEBUG: POST http://127.0.0.1:58097/session/420d9a22a16066758e48591315c79fdc/element {"using": "css selector", "sessionId": "420d9a22a16066758e48591315c79fdc", "value": "li .add-new.oneline > a[data-object-singular=Person]"}\nselenium.webdriver.remote.remote_connection: DEBUG: Finished Request\nselenium.webdriver.remote.remote_connection: DEBUG: GET http://127.0.0.1:58097/session/420d9a22a16066758e48591315c79fdc/element/0.2109566731378436-4/displayed {"sessionId": "420d9a22a16066758e48591315c79fdc", "id": "0.2109566731378436-4"}\nselenium.webdriver.remote.remote_connection: DEBUG: Finished Request\nselenium.webdriver.remote.remote_connection: DEBUG: POST http://127.0.0.1:58097/session/420d9a22a16066758e48591315c79fdc/element {"using": "css selector", "sessionId": "420d9a22a16066758e48591315c79fdc", "value": "li .add-new.oneline > a[data-object-singular=Person]"}\nselenium.webdriver.remote.remote_connection: DEBUG: Finished Request\nselenium.webdriver.remote.remote_connection: DEBUG: GET http://127.0.0.1:58097/session/420d9a22a16066758e48591315c79fdc/element/0.2109566731378436-4/displayed {"sessionId": "420d9a22a16066758e48591315c79fdc", "id": "0.2109566731378436-4"}\nselenium.webdriver.remote.remote_connection: DEBUG: Finished Request\nselenium.webdriver.remote.remote_connection: DEBUG: GET http://127.0.0.1:58097/session/420d9a22a16066758e48591315c79fdc/element/0.2109566731378436-4/enabled {"sessionId": "420d9a22a16066758e48591315c79fdc", "id": "0.2109566731378436-4"}\nselenium.webdriver.remote.remote_connection: DEBUG: Finished Request\nselenium.webdriver.remote.remote_connection: DEBUG: POST http://127.0.0.1:58097/session/420d9a22a16066758e48591315c79fdc/element {"using": "css selector", "sessionId": "420d9a22a16066758e48591315c79fdc", "value": "li .add-new.oneline > a[data-object-singular=Person]"}\nselenium.webdriver.remote.remote_connection: DEBUG: Finished Request\nselenium.webdriver.remote.remote_connection: DEBUG: POST http://127.0.0.1:58097/session/420d9a22a16066758e48591315c79fdc/execute {"sessionId": "420d9a22a16066758e48591315c79fdc", "args": [{"ELEMENT": "0.2109566731378436-4"}], "script": "return arguments[0].click();"}\nselenium.webdriver.remote.remote_connection: DEBUG: Finished Request\nselenium.webdriver.remote.remote_connection: DEBUG: POST http://127.0.0.1:58097/session/420d9a22a16066758e48591315c79fdc/element {"using": "xpath", "sessionId": "420d9a22a16066758e48591315c79fdc", "value": "//div[@class=\\"modal-body\\"]"}\nselenium.webdriver.remote.remote_connection: DEBUG: Finished Request\nselenium.webdriver.remote.remote_connection: DEBUG: GET http://127.0.0.1:58097/session/420d9a22a16066758e48591315c79fdc/element/0.2109566731378436-5/displayed {"sessionId": "420d9a22a16066758e48591315c79fdc", "id": "0.2109566731378436-5"}\nselenium.webdriver.remote.remote_connection: DEBUG: Finished Request\nselenium.webdriver.remote.remote_connection: DEBUG: POST http://127.0.0.1:58097/session/420d9a22a16066758e48591315c79fdc/element {"using": "xpath", "sessionId": "420d9a22a16066758e48591315c79fdc", "value": "//div[@class=\\"modal-body\\"]"}\nselenium.webdriver.remote.remote_connection: DEBUG: Finished Request\nhelpers.Helpers: INFO: Populating the object...\nselenium.webdriver.remote.remote_connection: DEBUG: POST http://127.0.0.1:58097/session/420d9a22a16066758e48591315c79fdc/element {"using": "xpath", "sessionId": "420d9a22a16066758e48591315c79fdc", "value": "//input[@name=\\"title\\"]"}\nselenium.webdriver.remote.remote_connection: DEBUG: Finished Request\nselenium.webdriver.remote.remote_connection: DEBUG: POST http://127.0.0.1:58097/session/420d9a22a16066758e48591315c79fdc/element {"using": "xpath", "sessionId": "420d9a22a16066758e48591315c79fdc", "value": "//input[@name=\\"title\\"]"}\nselenium.webdriver.remote.remote_connection: DEBUG: Finished Request\nselenium.webdriver.remote.remote_connection: DEBUG: POST http://127.0.0.1:58097/session/420d9a22a16066758e48591315c79fdc/element {"using": "xpath", "sessionId": "420d9a22a16066758e48591315c79fdc", "value": "//input[@name=\\"title\\"]"}\nselenium.webdriver.remote.remote_connection: DEBUG: Finished Request\nselenium.webdriver.remote.remote_connection: DEBUG: POST http://127.0.0.1:58097/session/420d9a22a16066758e48591315c79fdc/element {"using": "xpath", "sessionId": "420d9a22a16066758e48591315c79fdc", "value": "//input[@name=\\"title\\"]"}\nselenium.webdriver.remote.remote_connection: DEBUG: Finished Request\nselenium.webdriver.remote.remote_connection: DEBUG: POST http://127.0.0.1:58097/session/420d9a22a16066758e48591315c79fdc/element {"using": "xpath", "sessionId": "420d9a22a16066758e48591315c79fdc", "value": "//input[@name=\\"title\\"]"}\nselenium.webdriver.remote.remote_connection: DEBUG: Finished Request\nselenium.webdriver.remote.remote_connection: DEBUG: POST http://127.0.0.1:58097/session/420d9a22a16066758e48591315c79fdc/element {"using": "xpath", "sessionId": "420d9a22a16066758e48591315c79fdc", "value": "//input[@name=\\"title\\"]"}\nselenium.webdriver.remote.remote_connection: DEBUG: Finished Request\nselenium.webdriver.remote.remote_connection: DEBUG: POST http://127.0.0.1:58097/session/420d9a22a16066758e48591315c79fdc/element {"using": "xpath", "sessionId": "420d9a22a16066758e48591315c79fdc", "value": "//input[@name=\\"title\\"]"}\nselenium.webdriver.remote.remote_connection: DEBUG: Finished Request\nselenium.webdriver.remote.remote_connection: DEBUG: POST http://127.0.0.1:58097/session/420d9a22a16066758e48591315c79fdc/element {"using": "xpath", "sessionId": "420d9a22a16066758e48591315c79fdc", "value": "//input[@name=\\"title\\"]"}\nselenium.webdriver.remote.remote_connection: DEBUG: Finished Request\nselenium.webdriver.remote.remote_connection: DEBUG: POST http://127.0.0.1:58097/session/420d9a22a16066758e48591315c79fdc/element {"using": "xpath", "sessionId": "420d9a22a16066758e48591315c79fdc", "value": "//input[@name=\\"title\\"]"}\nselenium.webdriver.remote.remote_connection: DEBUG: Finished Request\nselenium.webdriver.remote.remote_connection: DEBUG: POST http://127.0.0.1:58097/session/420d9a22a16066758e48591315c79fdc/element {"using": "xpath", "sessionId": "420d9a22a16066758e48591315c79fdc", "value": "//input[@name=\\"title\\"]"}\nselenium.webdriver.remote.remote_connection: DEBUG: Finished Request\nselenium.webdriver.remote.remote_connection: DEBUG: POST http://127.0.0.1:58097/session/420d9a22a16066758e48591315c79fdc/element {"using": "xpath", "sessionId": "420d9a22a16066758e48591315c79fdc", "value": "//input[@name=\\"title\\"]"}\nselenium.webdriver.remote.remote_connection: DEBUG: Finished Request\nselenium.webdriver.remote.remote_connection: DEBUG: POST http://127.0.0.1:58097/session/420d9a22a16066758e48591315c79fdc/element {"using": "xpath", "sessionId": "420d9a22a16066758e48591315c79fdc", "value": "//input[@name=\\"title\\"]"}\nselenium.webdriver.remote.remote_connection: DEBUG: Finished Request\nselenium.webdriver.remote.remote_connection: DEBUG: POST http://127.0.0.1:58097/session/420d9a22a16066758e48591315c79fdc/element {"using": "xpath", "sessionId": "420d9a22a16066758e48591315c79fdc", "value": "//input[@name=\\"title\\"]"}\nselenium.webdriver.remote.remote_connection: DEBUG: Finished Request\nselenium.webdriver.remote.remote_connection: DEBUG: POST http://127.0.0.1:58097/session/420d9a22a16066758e48591315c79fdc/element {"using": "xpath", "sessionId": "420d9a22a16066758e48591315c79fdc", "value": "//input[@name=\\"title\\"]"}\nselenium.webdriver.remote.remote_connection: DEBUG: Finished Request\nselenium.webdriver.remote.remote_connection: DEBUG: POST http://127.0.0.1:58097/session/420d9a22a16066758e48591315c79fdc/element {"using": "xpath", "sessionId": "420d9a22a16066758e48591315c79fdc", "value": "//input[@name=\\"title\\"]"}\nselenium.webdriver.remote.remote_connection: DEBUG: Finished Request\nselenium.webdriver.remote.remote_connection: DEBUG: POST http://127.0.0.1:58097/session/420d9a22a16066758e48591315c79fdc/element {"using": "xpath", "sessionId": "420d9a22a16066758e48591315c79fdc", "value": "//input[@name=\\"title\\"]"}\nselenium.webdriver.remote.remote_connection: DEBUG: Finished Request\nselenium.webdriver.remote.remote_connection: DEBUG: POST http://127.0.0.1:58097/session/420d9a22a16066758e48591315c79fdc/element {"using": "xpath", "sessionId": "420d9a22a16066758e48591315c79fdc", "value": "//input[@name=\\"title\\"]"}\nselenium.webdriver.remote.remote_connection: DEBUG: Finished Request\nselenium.webdriver.remote.remote_connection: DEBUG: POST http://127.0.0.1:58097/session/420d9a22a16066758e48591315c79fdc/element {"using": "xpath", "sessionId": "420d9a22a16066758e48591315c79fdc", "value": "//input[@name=\\"title\\"]"}\nselenium.webdriver.remote.remote_connection: DEBUG: Finished Request\nselenium.webdriver.remote.remote_connection: DEBUG: POST http://127.0.0.1:58097/session/420d9a22a16066758e48591315c79fdc/element {"using": "xpath", "sessionId": "420d9a22a16066758e48591315c79fdc", "value": "//input[@name=\\"title\\"]"}\nselenium.webdriver.remote.remote_connection: DEBUG: Finished Request\nselenium.webdriver.remote.remote_connection: DEBUG: POST http://127.0.0.1:58097/session/420d9a22a16066758e48591315c79fdc/element {"using": "xpath", "sessionId": "420d9a22a16066758e48591315c79fdc", "value": "//input[@name=\\"title\\"]"}\nselenium.webdriver.remote.remote_connection: DEBUG: Finished Request\n--------------------- >> end captured logging << ---------------------']]></failure><system-out><![CDATA[Starting CreateObjectTests at 2015_06_29__18_03_42
Creating object: People
Opening LHN
LHN menu is expanded
People/Groups tree is expanded
People is expanded
Clicked on the 'Create New' button to create a new object
Waiting for the add object popup to appear
Populating the object...
]]></system-out></testcase><testcase classname="SuiteAllTests.WebdriverUtilities" name="runTest" time="0.000"></testcase></testsuite>